<?xml version="1.0" encoding="UTF-8"?>
<testsuite xmlns:xsi="http://www.w3.org/2001/XMLSchema-instance" xsi:noNamespaceSchemaLocation="https://maven.apache.org/surefire/maven-surefire-plugin/xsd/surefire-test-report-3.0.xsd" version="3.0" name="co.edu.eci.blueprints.AuthIntegrationTest" time="7.01" tests="4" errors="0" skipped="0" failures="0">
  <properties>
[...]
</properties>
  <testcase name="loginSuccessReturnsToken" classname="co.edu.eci.blueprints.AuthIntegrationTest" time="1.151">
    <system-out><![CDATA[15:20:07.543 [main] INFO org.springframework.test.context.support.AnnotationConfigContextLoaderUtils -- Could not detect default configuration classes for test class [co.edu.eci.blueprints.AuthIntegrationTest]: AuthIntegrationTest does not declare any static, non-private, non-final, nested classes annotated with @Configuration.
15:20:07.744 [main] INFO org.springframework.boot.test.context.SpringBootTestContextBootstrapper -- Found @SpringBootConfiguration co.edu.eci.blueprints.BlueprintsApiApplication for test class co.edu.eci.blueprints.AuthIntegrationTest

  .   ____          _            __ _ _
 /\\ / ___'_ __ _ _(_)_ __  __ _ \ \ \ \
( ( )\___ | '_ | '_| | '_ \/ _` | \ \ \ \
 \\/  ___)| |_)| | | | | || (_| |  ) ) ) )
  '  |____| .__|_| |_|_| |_\__, | / / / /
 =========|_|==============|___/=/_/_/_/

 :: Spring Boot ::                (v3.3.2)

2025-09-15T15:20:08.625-05:00  INFO 30468 --- [           main] c.e.eci.blueprints.AuthIntegrationTest   : Starting AuthIntegrationTest using Java 24.0.2 with PID 30468 (started by Esteban Aguilera in C:\Users\Esteban Aguilera\Desktop\ARQUITECTURAS_DE_SOFTWARE\Lab 5\BluePrintsV2_Java21_API)
2025-09-15T15:20:08.628-05:00  INFO 30468 --- [           main] c.e.eci.blueprints.AuthIntegrationTest   : No active profile set, falling back to 1 default profile: "default"
2025-09-15T15:20:12.790-05:00  INFO 30468 --- [           main] o.s.b.t.m.w.SpringBootMockServletContext : Initializing Spring TestDispatcherServlet ''
2025-09-15T15:20:12.790-05:00  INFO 30468 --- [           main] o.s.t.web.servlet.TestDispatcherServlet  : Initializing Servlet ''
2025-09-15T15:20:12.792-05:00  INFO 30468 --- [           main] o.s.t.web.servlet.TestDispatcherServlet  : Completed initialization in 2 ms
2025-09-15T15:20:12.830-05:00  INFO 30468 --- [           main] c.e.eci.blueprints.AuthIntegrationTest   : Started AuthIntegrationTest in 4.845 seconds (process running for 6.713)
]]></system-out>
    <system-err><![CDATA[WARNING: A Java agent has been loaded dynamically (C:\Users\Esteban Aguilera\.m2\repository\net\bytebuddy\byte-buddy-agent\1.14.18\byte-buddy-agent-1.14.18.jar)
WARNING: If a serviceability tool is in use, please run with -XX:+EnableDynamicAgentLoading to hide this warning
WARNING: If a serviceability tool is not in use, please run with -Djdk.instrument.traceUsage for more information
WARNING: Dynamic loading of agents will be disallowed by default in a future release
]]></system-err>
  </testcase>
  <testcase name="accessProtectedEndpointWithToken" classname="co.edu.eci.blueprints.AuthIntegrationTest" time="0.13"/>
  <testcase name="accessProtectedEndpointWithoutToken" classname="co.edu.eci.blueprints.AuthIntegrationTest" time="0.014"/>
  <testcase name="loginFailReturns401" classname="co.edu.eci.blueprints.AuthIntegrationTest" time="0.073"/>
</testsuite>